********************** DEBUG START **********************
select * from `dt` where 1=1 and `key`='admin'  
**********************  DEBUG END  **********************
2023-11-27 15:56:38

********************** DEBUG START **********************
当前页面原始路径：df
**********************  DEBUG END  **********************
2023-11-27 15:56:38

********************** DEBUG START **********************
select * from `df` where 1=1 and `nm`='df'  
**********************  DEBUG END  **********************
2023-11-27 15:56:38

********************** DEBUG START **********************
select * from `df` where 1=1 and `Id`='1'  
**********************  DEBUG END  **********************
2023-11-27 15:56:38

********************** DEBUG START **********************
select * from `dt` where 1=1 and `key`='hits'  
**********************  DEBUG END  **********************
2023-11-27 15:56:38

********************** DEBUG START **********************
select * from `message` where 1=1 and `status`='0'  
**********************  DEBUG END  **********************
2023-11-27 15:56:38

********************** DEBUG START **********************
select * from menu where parent=0 and (1) order by orderNum asc
**********************  DEBUG END  **********************
2023-11-27 15:56:38

********************** DEBUG START **********************
select * from menu where parent=25 and (1) order by orderNum asc
**********************  DEBUG END  **********************
2023-11-27 15:56:38

********************** DEBUG START **********************
select * from menu where parent=26 and (1) order by orderNum asc
**********************  DEBUG END  **********************
2023-11-27 15:56:38

********************** DEBUG START **********************
select * from menu where parent=27 and (1) order by orderNum asc
**********************  DEBUG END  **********************
2023-11-27 15:56:38

********************** DEBUG START **********************
select * from menu where parent=2 and (1) order by orderNum asc
**********************  DEBUG END  **********************
2023-11-27 15:56:38

********************** DEBUG START **********************
select * from menu where parent=3 and (1) order by orderNum asc
**********************  DEBUG END  **********************
2023-11-27 15:56:38

********************** DEBUG START **********************
select * from menu where parent=24 and (1) order by orderNum asc
**********************  DEBUG END  **********************
2023-11-27 15:56:38

********************** DEBUG START **********************
select * from menu where parent=4 and (1) order by orderNum asc
**********************  DEBUG END  **********************
2023-11-27 15:56:38

********************** DEBUG START **********************
select * from `dt` where 1=1 and `key`='admin'  
**********************  DEBUG END  **********************
2023-11-27 15:56:39

********************** DEBUG START **********************
当前页面原始路径：admin/home/desktop/
**********************  DEBUG END  **********************
2023-11-27 15:56:39

********************** DEBUG START **********************
select * from `df` where 1=1 and `nm`='df'  
**********************  DEBUG END  **********************
2023-11-27 15:56:39

********************** DEBUG START **********************
select * from `dt` where 1=1 and `key`='admin'  
**********************  DEBUG END  **********************
2023-11-27 15:56:39

********************** DEBUG START **********************
当前页面原始路径：index
**********************  DEBUG END  **********************
2023-11-27 15:56:39

********************** DEBUG START **********************
select * from `home_layout` where 1=1 and `Id`='1'  
**********************  DEBUG END  **********************
2023-11-27 15:56:39

********************** DEBUG START **********************
select * from `home_column`  order by Id asc 
**********************  DEBUG END  **********************
2023-11-27 15:56:39

********************** DEBUG START **********************
select * from `home_link`   
**********************  DEBUG END  **********************
2023-11-27 15:56:39

********************** DEBUG START **********************
select * from `home_music`   
**********************  DEBUG END  **********************
2023-11-27 15:56:39

********************** DEBUG START **********************
select * from `home_user_info` where 1=1 and `ip`='192.168.65.1'  
**********************  DEBUG END  **********************
2023-11-27 15:56:39

********************** DEBUG START **********************
START TRANSACTION
**********************  DEBUG END  **********************
2023-11-27 15:56:39

********************** DEBUG START **********************
update `home_user_info` set `browser`='Mozilla/5.0 (Windows NT 10.0; Win64; x64) AppleWebKit/537.36 (KHTML, like Gecko) Chrome/119.0.6045.9 Safari/537.36', `hits`='229', `time`='2023-11-27 15:56:39' where Id=2275
**********************  DEBUG END  **********************
2023-11-27 15:56:39

********************** DEBUG START **********************
COMMIT
**********************  DEBUG END  **********************
2023-11-27 15:56:39

********************** DEBUG START **********************
select * from `dt` where 1=1 and `key`='admin'  
**********************  DEBUG END  **********************
2023-11-27 16:10:21

********************** DEBUG START **********************
当前页面原始路径：admin/home/create_db/
**********************  DEBUG END  **********************
2023-11-27 16:10:21

********************** DEBUG START **********************
select * from `dt` where 1=1 and `key`='admin'  
**********************  DEBUG END  **********************
2023-11-27 16:26:12

********************** DEBUG START **********************
当前页面原始路径：df
**********************  DEBUG END  **********************
2023-11-27 16:26:12

********************** DEBUG START **********************
select * from `df` where 1=1 and `nm`='df'  
**********************  DEBUG END  **********************
2023-11-27 16:26:12

********************** DEBUG START **********************
select * from `df` where 1=1 and `Id`='1'  
**********************  DEBUG END  **********************
2023-11-27 16:26:12

********************** DEBUG START **********************
select * from `dt` where 1=1 and `key`='hits'  
**********************  DEBUG END  **********************
2023-11-27 16:26:12

********************** DEBUG START **********************
select * from `message` where 1=1 and `status`='0'  
**********************  DEBUG END  **********************
2023-11-27 16:26:12

********************** DEBUG START **********************
select * from menu where parent=0 and (1) order by orderNum asc
**********************  DEBUG END  **********************
2023-11-27 16:26:12

********************** DEBUG START **********************
select * from menu where parent=25 and (1) order by orderNum asc
**********************  DEBUG END  **********************
2023-11-27 16:26:12

********************** DEBUG START **********************
select * from menu where parent=26 and (1) order by orderNum asc
**********************  DEBUG END  **********************
2023-11-27 16:26:12

********************** DEBUG START **********************
select * from menu where parent=27 and (1) order by orderNum asc
**********************  DEBUG END  **********************
2023-11-27 16:26:12

********************** DEBUG START **********************
select * from menu where parent=2 and (1) order by orderNum asc
**********************  DEBUG END  **********************
2023-11-27 16:26:12

********************** DEBUG START **********************
select * from menu where parent=3 and (1) order by orderNum asc
**********************  DEBUG END  **********************
2023-11-27 16:26:12

********************** DEBUG START **********************
select * from menu where parent=24 and (1) order by orderNum asc
**********************  DEBUG END  **********************
2023-11-27 16:26:12

********************** DEBUG START **********************
select * from menu where parent=4 and (1) order by orderNum asc
**********************  DEBUG END  **********************
2023-11-27 16:26:12

********************** DEBUG START **********************
select * from `dt` where 1=1 and `key`='admin'  
**********************  DEBUG END  **********************
2023-11-27 16:26:12

********************** DEBUG START **********************
当前页面原始路径：admin/home/desktop/
**********************  DEBUG END  **********************
2023-11-27 16:26:12

********************** DEBUG START **********************
select * from `df` where 1=1 and `nm`='df'  
**********************  DEBUG END  **********************
2023-11-27 16:26:12

********************** DEBUG START **********************
select * from `dt` where 1=1 and `key`='admin'  
**********************  DEBUG END  **********************
2023-11-27 16:26:14

********************** DEBUG START **********************
当前页面原始路径：index
**********************  DEBUG END  **********************
2023-11-27 16:26:14

********************** DEBUG START **********************
select * from `home_layout` where 1=1 and `Id`='1'  
**********************  DEBUG END  **********************
2023-11-27 16:26:14

********************** DEBUG START **********************
select * from `home_column`  order by Id asc 
**********************  DEBUG END  **********************
2023-11-27 16:26:14

********************** DEBUG START **********************
select * from `home_link`   
**********************  DEBUG END  **********************
2023-11-27 16:26:14

********************** DEBUG START **********************
select * from `home_music`   
**********************  DEBUG END  **********************
2023-11-27 16:26:14

********************** DEBUG START **********************
select * from `home_user_info` where 1=1 and `ip`='192.168.65.1'  
**********************  DEBUG END  **********************
2023-11-27 16:26:14

********************** DEBUG START **********************
START TRANSACTION
**********************  DEBUG END  **********************
2023-11-27 16:26:14

********************** DEBUG START **********************
update `home_user_info` set `browser`='Mozilla/5.0 (Windows NT 10.0; Win64; x64) AppleWebKit/537.36 (KHTML, like Gecko) Chrome/119.0.6045.9 Safari/537.36', `hits`='230', `time`='2023-11-27 16:26:14' where Id=2275
**********************  DEBUG END  **********************
2023-11-27 16:26:14

********************** DEBUG START **********************
COMMIT
**********************  DEBUG END  **********************
2023-11-27 16:26:14

********************** DEBUG START **********************
select * from `dt` where 1=1 and `key`='admin'  
**********************  DEBUG END  **********************
2023-11-27 16:27:52

********************** DEBUG START **********************
当前页面原始路径：index
**********************  DEBUG END  **********************
2023-11-27 16:27:52

********************** DEBUG START **********************
select * from `home_layout` where 1=1 and `Id`='1'  
**********************  DEBUG END  **********************
2023-11-27 16:27:52

********************** DEBUG START **********************
select * from `home_column`  order by Id asc 
**********************  DEBUG END  **********************
2023-11-27 16:27:52

********************** DEBUG START **********************
select * from `home_link`   
**********************  DEBUG END  **********************
2023-11-27 16:27:52

********************** DEBUG START **********************
select * from `home_music`   
**********************  DEBUG END  **********************
2023-11-27 16:27:52

********************** DEBUG START **********************
select * from `home_user_info` where 1=1 and `ip`='192.168.65.1'  
**********************  DEBUG END  **********************
2023-11-27 16:27:52

********************** DEBUG START **********************
START TRANSACTION
**********************  DEBUG END  **********************
2023-11-27 16:27:52

********************** DEBUG START **********************
update `home_user_info` set `browser`='Mozilla/5.0 (Windows NT 10.0; Win64; x64) AppleWebKit/537.36 (KHTML, like Gecko) Chrome/119.0.6045.9 Safari/537.36', `hits`='231', `time`='2023-11-27 16:27:52' where Id=2275
**********************  DEBUG END  **********************
2023-11-27 16:27:52

********************** DEBUG START **********************
COMMIT
**********************  DEBUG END  **********************
2023-11-27 16:27:52

********************** DEBUG START **********************
select * from `dt` where 1=1 and `key`='admin'  
**********************  DEBUG END  **********************
2023-11-27 16:27:54

********************** DEBUG START **********************
当前页面原始路径：df
**********************  DEBUG END  **********************
2023-11-27 16:27:54

********************** DEBUG START **********************
select * from `df` where 1=1 and `nm`='df'  
**********************  DEBUG END  **********************
2023-11-27 16:27:54

********************** DEBUG START **********************
select * from `df` where 1=1 and `Id`='1'  
**********************  DEBUG END  **********************
2023-11-27 16:27:54

********************** DEBUG START **********************
select * from `dt` where 1=1 and `key`='hits'  
**********************  DEBUG END  **********************
2023-11-27 16:27:54

********************** DEBUG START **********************
select * from `message` where 1=1 and `status`='0'  
**********************  DEBUG END  **********************
2023-11-27 16:27:54

********************** DEBUG START **********************
select * from menu where parent=0 and (1) order by orderNum asc
**********************  DEBUG END  **********************
2023-11-27 16:27:54

********************** DEBUG START **********************
select * from menu where parent=25 and (1) order by orderNum asc
**********************  DEBUG END  **********************
2023-11-27 16:27:54

********************** DEBUG START **********************
select * from menu where parent=26 and (1) order by orderNum asc
**********************  DEBUG END  **********************
2023-11-27 16:27:54

********************** DEBUG START **********************
select * from menu where parent=27 and (1) order by orderNum asc
**********************  DEBUG END  **********************
2023-11-27 16:27:54

********************** DEBUG START **********************
select * from menu where parent=2 and (1) order by orderNum asc
**********************  DEBUG END  **********************
2023-11-27 16:27:54

********************** DEBUG START **********************
select * from menu where parent=3 and (1) order by orderNum asc
**********************  DEBUG END  **********************
2023-11-27 16:27:54

********************** DEBUG START **********************
select * from menu where parent=24 and (1) order by orderNum asc
**********************  DEBUG END  **********************
2023-11-27 16:27:54

********************** DEBUG START **********************
select * from menu where parent=4 and (1) order by orderNum asc
**********************  DEBUG END  **********************
2023-11-27 16:27:54

********************** DEBUG START **********************
select * from `dt` where 1=1 and `key`='admin'  
**********************  DEBUG END  **********************
2023-11-27 16:27:55

********************** DEBUG START **********************
当前页面原始路径：admin/home/desktop/
**********************  DEBUG END  **********************
2023-11-27 16:27:55

********************** DEBUG START **********************
select * from `df` where 1=1 and `nm`='df'  
**********************  DEBUG END  **********************
2023-11-27 16:27:55

