[2024-05-21T16:28:14+08:00][error] [0]Undefined constant "dfer_ROOT"[F:\Users\dfer\Documents\dfer\Project\dfphp.dfer.site\vendor\dfer\topthink\src\common.php:2280]
[2024-05-21T17:06:03+08:00][error] [0]Call to undefined function app\install\controller\cmf_get_root()[F:\Users\dfer\Documents\dfer\Project\dfphp.dfer.site\app\install\controller\Index.php:46]
[2024-05-21T17:06:21+08:00][error] [0]Undefined constant "app\install\controller\dfer_DATA"[F:\Users\dfer\Documents\dfer\Project\dfphp.dfer.site\app\install\controller\Index.php:31]
[2024-05-21T17:07:05+08:00][error] [0]Call to undefined function app\install\controller\sp_dir_create()[F:\Users\dfer\Documents\dfer\Project\dfphp.dfer.site\app\install\controller\Index.php:175]
[2024-05-21T17:08:18+08:00][error] [2]Undefined variable $dir[F:\Users\dfer\Documents\dfer\Project\dfphp.dfer.site\data\runtime_cli\temp\20d17fa4117f08a576394c0d96a76797.php:225]
[2024-05-21T17:10:35+08:00][error] [2]Undefined variable $dir[F:\Users\dfer\Documents\dfer\Project\dfphp.dfer.site\data\runtime_cli\temp\20d17fa4117f08a576394c0d96a76797.php:225]
[2024-05-21T17:12:15+08:00][error] [2]Undefined variable $dir[F:\Users\dfer\Documents\dfer\Project\dfphp.dfer.site\data\runtime_cli\temp\20d17fa4117f08a576394c0d96a76797.php:225]
[2024-05-21T17:12:47+08:00][error] [2]Undefined variable $dir[F:\Users\dfer\Documents\dfer\Project\dfphp.dfer.site\data\runtime_cli\temp\20d17fa4117f08a576394c0d96a76797.php:225]
[2024-05-21T17:13:03+08:00][error] [2]Undefined variable $dir[F:\Users\dfer\Documents\dfer\Project\dfphp.dfer.site\data\runtime_cli\temp\20d17fa4117f08a576394c0d96a76797.php:225]
[2024-05-21T17:13:05+08:00][error] [2]Undefined variable $dir[F:\Users\dfer\Documents\dfer\Project\dfphp.dfer.site\data\runtime_cli\temp\20d17fa4117f08a576394c0d96a76797.php:225]
[2024-05-21T17:13:08+08:00][error] [2]Undefined variable $dir[F:\Users\dfer\Documents\dfer\Project\dfphp.dfer.site\data\runtime_cli\temp\20d17fa4117f08a576394c0d96a76797.php:225]
[2024-05-21T17:22:03+08:00][error] [2]Undefined variable $dir[F:\Users\dfer\Documents\dfer\Project\dfphp.dfer.site\data\runtime_cli\temp\20d17fa4117f08a576394c0d96a76797.php:225]
[2024-05-21T17:22:16+08:00][error] [2]Undefined variable $dir[F:\Users\dfer\Documents\dfer\Project\dfphp.dfer.site\data\runtime_cli\temp\20d17fa4117f08a576394c0d96a76797.php:225]
[2024-05-21T17:22:20+08:00][error] [2]Undefined variable $dir[F:\Users\dfer\Documents\dfer\Project\dfphp.dfer.site\data\runtime_cli\temp\20d17fa4117f08a576394c0d96a76797.php:225]
[2024-05-21T17:22:47+08:00][error] [2]Undefined variable $dir[F:\Users\dfer\Documents\dfer\Project\dfphp.dfer.site\data\runtime_cli\temp\20d17fa4117f08a576394c0d96a76797.php:225]
[2024-05-21T17:22:53+08:00][error] [2]Undefined variable $dir[F:\Users\dfer\Documents\dfer\Project\dfphp.dfer.site\data\runtime_cli\temp\20d17fa4117f08a576394c0d96a76797.php:225]
[2024-05-21T17:31:30+08:00][error] [2]Undefined variable $dir[F:\Users\dfer\Documents\dfer\Project\dfphp.dfer.site\data\runtime_cli\temp\20d17fa4117f08a576394c0d96a76797.php:225]
[2024-05-21T17:31:50+08:00][error] [2]Undefined variable $dir[F:\Users\dfer\Documents\dfer\Project\dfphp.dfer.site\data\runtime_cli\temp\20d17fa4117f08a576394c0d96a76797.php:225]
[2024-05-21T17:32:13+08:00][error] [2]Undefined variable $dir[F:\Users\dfer\Documents\dfer\Project\dfphp.dfer.site\data\runtime_cli\temp\20d17fa4117f08a576394c0d96a76797.php:225]
[2024-05-21T17:32:14+08:00][error] [2]Undefined variable $dir[F:\Users\dfer\Documents\dfer\Project\dfphp.dfer.site\data\runtime_cli\temp\20d17fa4117f08a576394c0d96a76797.php:225]
[2024-05-21T17:32:14+08:00][error] [2]Undefined variable $dir[F:\Users\dfer\Documents\dfer\Project\dfphp.dfer.site\data\runtime_cli\temp\20d17fa4117f08a576394c0d96a76797.php:225]
