[2024-05-23T15:11:51+08:00][sql] CONNECT:[ UseTime:0.000469s ] mysql:host=127.0.0.1;port=3306;dbname=thinkcmf;charset=utf8mb4
[2024-05-23T15:11:51+08:00][sql] SHOW FULL COLUMNS FROM `dfer_plugin` [ RunTime:0.002246s ]
[2024-05-23T15:11:51+08:00][sql] SELECT * FROM `dfer_plugin` WHERE  `status` = 1 [ RunTime:0.000477s ]
[2024-05-23T15:11:52+08:00][sql] CONNECT:[ UseTime:0.001004s ] mysql:host=127.0.0.1;port=3306;dbname=thinkcmf;charset=utf8mb4
[2024-05-23T15:11:52+08:00][sql] SHOW FULL COLUMNS FROM `dfer_plugin` [ RunTime:0.000634s ]
[2024-05-23T15:11:52+08:00][sql] SELECT * FROM `dfer_plugin` WHERE  `status` = 1 [ RunTime:0.000779s ]
[2024-05-23T15:12:05+08:00][sql] CONNECT:[ UseTime:0.000429s ] mysql:host=127.0.0.1;port=3306;dbname=thinkcmf;charset=utf8mb4
[2024-05-23T15:12:05+08:00][sql] SHOW FULL COLUMNS FROM `dfer_plugin` [ RunTime:0.000685s ]
[2024-05-23T15:12:05+08:00][sql] SELECT * FROM `dfer_plugin` WHERE  `status` = 1 [ RunTime:0.000370s ]
[2024-05-23T15:12:05+08:00][error] [0]Class "think\captcha\facade\Captcha" not found[/www/wwwroot/dfphp.dfer.site/vendor/dfer/topthink/src/common.php:1377]
[2024-05-23T15:12:06+08:00][sql] CONNECT:[ UseTime:0.000511s ] mysql:host=127.0.0.1;port=3306;dbname=thinkcmf;charset=utf8mb4
[2024-05-23T15:12:06+08:00][sql] SHOW FULL COLUMNS FROM `dfer_plugin` [ RunTime:0.000622s ]
[2024-05-23T15:12:06+08:00][sql] SELECT * FROM `dfer_plugin` WHERE  `status` = 1 [ RunTime:0.000397s ]
[2024-05-23T15:12:12+08:00][sql] CONNECT:[ UseTime:0.000438s ] mysql:host=127.0.0.1;port=3306;dbname=thinkcmf;charset=utf8mb4
[2024-05-23T15:12:12+08:00][sql] SHOW FULL COLUMNS FROM `dfer_plugin` [ RunTime:0.000709s ]
[2024-05-23T15:12:12+08:00][sql] SELECT * FROM `dfer_plugin` WHERE  `status` = 1 [ RunTime:0.000432s ]
[2024-05-23T15:12:12+08:00][error] [0]Class "think\captcha\facade\Captcha" not found[/www/wwwroot/dfphp.dfer.site/vendor/dfer/topthink/src/common.php:1377]
[2024-05-23T15:13:23+08:00][sql] CONNECT:[ UseTime:0.000419s ] mysql:host=127.0.0.1;port=3306;dbname=thinkcmf;charset=utf8mb4
[2024-05-23T15:13:23+08:00][sql] SHOW FULL COLUMNS FROM `dfer_plugin` [ RunTime:0.000705s ]
[2024-05-23T15:13:23+08:00][sql] SELECT * FROM `dfer_plugin` WHERE  `status` = 1 [ RunTime:0.000666s ]
[2024-05-23T15:13:30+08:00][sql] CONNECT:[ UseTime:0.000513s ] mysql:host=127.0.0.1;port=3306;dbname=thinkcmf;charset=utf8mb4
[2024-05-23T15:13:30+08:00][sql] SHOW FULL COLUMNS FROM `dfer_plugin` [ RunTime:0.000746s ]
[2024-05-23T15:13:30+08:00][sql] SELECT * FROM `dfer_plugin` WHERE  `status` = 1 [ RunTime:0.000541s ]
[2024-05-23T15:13:30+08:00][error] [0]Class "think\captcha\facade\Captcha" not found[/www/wwwroot/dfphp.dfer.site/vendor/dfer/topthink/src/common.php:1377]
[2024-05-23T15:17:15+08:00][sql] CONNECT:[ UseTime:0.000477s ] mysql:host=127.0.0.1;port=3306;dbname=thinkcmf;charset=utf8mb4
[2024-05-23T15:17:15+08:00][sql] SHOW FULL COLUMNS FROM `dfer_plugin` [ RunTime:0.000792s ]
[2024-05-23T15:17:15+08:00][sql] SELECT * FROM `dfer_plugin` WHERE  `status` = 1 [ RunTime:0.000440s ]
[2024-05-23T15:46:30+08:00][sql] CONNECT:[ UseTime:0.000449s ] mysql:host=127.0.0.1;port=3306;dbname=thinkcmf;charset=utf8mb4
[2024-05-23T15:46:30+08:00][sql] SHOW FULL COLUMNS FROM `dfer_plugin` [ RunTime:0.000658s ]
[2024-05-23T15:46:30+08:00][sql] SELECT * FROM `dfer_plugin` WHERE  `status` = 1 [ RunTime:0.000401s ]
[2024-05-23T15:46:36+08:00][sql] CONNECT:[ UseTime:0.000520s ] mysql:host=127.0.0.1;port=3306;dbname=thinkcmf;charset=utf8mb4
[2024-05-23T15:46:36+08:00][sql] SHOW FULL COLUMNS FROM `dfer_plugin` [ RunTime:0.000687s ]
[2024-05-23T15:46:36+08:00][sql] SELECT * FROM `dfer_plugin` WHERE  `status` = 1 [ RunTime:0.000386s ]
[2024-05-23T15:46:37+08:00][sql] CONNECT:[ UseTime:0.000475s ] mysql:host=127.0.0.1;port=3306;dbname=thinkcmf;charset=utf8mb4
[2024-05-23T15:46:37+08:00][sql] SHOW FULL COLUMNS FROM `dfer_plugin` [ RunTime:0.000736s ]
[2024-05-23T15:46:37+08:00][sql] SELECT * FROM `dfer_plugin` WHERE  `status` = 1 [ RunTime:0.000392s ]
[2024-05-23T15:46:42+08:00][sql] CONNECT:[ UseTime:0.000441s ] mysql:host=127.0.0.1;port=3306;dbname=thinkcmf;charset=utf8mb4
[2024-05-23T15:46:42+08:00][sql] SHOW FULL COLUMNS FROM `dfer_plugin` [ RunTime:0.000747s ]
[2024-05-23T15:46:42+08:00][sql] SELECT * FROM `dfer_plugin` WHERE  `status` = 1 [ RunTime:0.000411s ]
[2024-05-23T15:46:42+08:00][sql] SHOW FULL COLUMNS FROM `dfer_user` [ RunTime:0.001807s ]
[2024-05-23T15:46:42+08:00][sql] SELECT * FROM `dfer_user` WHERE  `user_login` = 'admin' LIMIT 1 [ RunTime:0.000596s ]
[2024-05-23T15:46:42+08:00][sql] SHOW FULL COLUMNS FROM `dfer_role_user` [ RunTime:0.001770s ]
[2024-05-23T15:46:42+08:00][sql] SELECT `role_id` FROM `dfer_role_user` `a` INNER JOIN `dfer_role` `b` ON `a`.`role_id`=`b`.`id` WHERE  `user_id` = 1  AND `status` = '1' LIMIT 1 [ RunTime:0.001423s ]
[2024-05-23T15:46:42+08:00][sql] SHOW FULL COLUMNS FROM `dfer_user_token` [ RunTime:0.002310s ]
[2024-05-23T15:46:42+08:00][sql] SELECT * FROM `dfer_user_token` WHERE  `user_id` = 1  AND `device_type` = 'web' LIMIT 1 [ RunTime:0.000500s ]
[2024-05-23T15:46:42+08:00][sql] UPDATE `dfer_user`  SET `last_login_ip` = '172.17.0.1' , `last_login_time` = 1716450402  WHERE  `id` = 1 [ RunTime:0.004292s ]
[2024-05-23T15:46:44+08:00][sql] CONNECT:[ UseTime:0.000474s ] mysql:host=127.0.0.1;port=3306;dbname=thinkcmf;charset=utf8mb4
[2024-05-23T15:46:44+08:00][sql] SHOW FULL COLUMNS FROM `dfer_plugin` [ RunTime:0.000720s ]
[2024-05-23T15:46:44+08:00][sql] SELECT * FROM `dfer_plugin` WHERE  `status` = 1 [ RunTime:0.000435s ]
[2024-05-23T15:46:44+08:00][sql] SHOW FULL COLUMNS FROM `dfer_user` [ RunTime:0.000740s ]
[2024-05-23T15:46:44+08:00][sql] SELECT * FROM `dfer_user` WHERE  `id` = 1 LIMIT 1 [ RunTime:0.000463s ]
[2024-05-23T15:46:44+08:00][sql] SHOW FULL COLUMNS FROM `dfer_admin_menu` [ RunTime:0.002112s ]
[2024-05-23T15:46:44+08:00][sql] SELECT * FROM `dfer_admin_menu` ORDER BY `app` ASC,`controller` ASC,`action` ASC [ RunTime:0.000732s ]
[2024-05-23T15:46:45+08:00][sql] CONNECT:[ UseTime:0.000383s ] mysql:host=127.0.0.1;port=3306;dbname=thinkcmf;charset=utf8mb4
[2024-05-23T15:46:45+08:00][sql] SHOW FULL COLUMNS FROM `dfer_plugin` [ RunTime:0.000691s ]
[2024-05-23T15:46:45+08:00][sql] SELECT * FROM `dfer_plugin` WHERE  `status` = 1 [ RunTime:0.000435s ]
[2024-05-23T15:46:45+08:00][sql] SHOW FULL COLUMNS FROM `dfer_user` [ RunTime:0.000726s ]
[2024-05-23T15:46:45+08:00][sql] SELECT * FROM `dfer_user` WHERE  `id` = 1 LIMIT 1 [ RunTime:0.000449s ]
[2024-05-23T15:46:45+08:00][sql] SHOW FULL COLUMNS FROM `dfer_option` [ RunTime:0.002878s ]
[2024-05-23T15:46:45+08:00][sql] SELECT `option_value` FROM `dfer_option` WHERE  `option_name` = 'admin_dashboard_widgets' LIMIT 1 [ RunTime:0.000425s ]
[2024-05-23T15:46:45+08:00][sql] SELECT `option_value` FROM `dfer_option` WHERE  `option_name` = 'smtp_setting' LIMIT 1 [ RunTime:0.000408s ]
[2024-05-23T16:17:56+08:00][sql] CONNECT:[ UseTime:0.000499s ] mysql:host=127.0.0.1;port=3306;dbname=thinkcmf;charset=utf8mb4
[2024-05-23T16:17:56+08:00][sql] SHOW FULL COLUMNS FROM `dfer_plugin` [ RunTime:0.000764s ]
[2024-05-23T16:17:56+08:00][sql] SELECT * FROM `dfer_plugin` WHERE  `status` = 1 [ RunTime:0.000424s ]
[2024-05-23T16:17:56+08:00][sql] CONNECT:[ UseTime:0.000493s ] mysql:host=127.0.0.1;port=3306;dbname=thinkcmf;charset=utf8mb4
[2024-05-23T16:17:56+08:00][sql] SHOW FULL COLUMNS FROM `dfer_plugin` [ RunTime:0.000745s ]
[2024-05-23T16:17:56+08:00][sql] SELECT * FROM `dfer_plugin` WHERE  `status` = 1 [ RunTime:0.000367s ]
[2024-05-23T16:17:58+08:00][sql] CONNECT:[ UseTime:0.000443s ] mysql:host=127.0.0.1;port=3306;dbname=thinkcmf;charset=utf8mb4
[2024-05-23T16:17:58+08:00][sql] SHOW FULL COLUMNS FROM `dfer_plugin` [ RunTime:0.000680s ]
[2024-05-23T16:17:58+08:00][sql] SELECT * FROM `dfer_plugin` WHERE  `status` = 1 [ RunTime:0.000380s ]
[2024-05-23T16:17:59+08:00][sql] CONNECT:[ UseTime:0.000578s ] mysql:host=127.0.0.1;port=3306;dbname=thinkcmf;charset=utf8mb4
[2024-05-23T16:17:59+08:00][sql] SHOW FULL COLUMNS FROM `dfer_plugin` [ RunTime:0.000862s ]
[2024-05-23T16:17:59+08:00][sql] SELECT * FROM `dfer_plugin` WHERE  `status` = 1 [ RunTime:0.000491s ]
[2024-05-23T16:18:05+08:00][sql] CONNECT:[ UseTime:0.000548s ] mysql:host=127.0.0.1;port=3306;dbname=thinkcmf;charset=utf8mb4
[2024-05-23T16:18:05+08:00][sql] SHOW FULL COLUMNS FROM `dfer_plugin` [ RunTime:0.000730s ]
[2024-05-23T16:18:05+08:00][sql] SELECT * FROM `dfer_plugin` WHERE  `status` = 1 [ RunTime:0.000394s ]
[2024-05-23T16:18:05+08:00][sql] SHOW FULL COLUMNS FROM `dfer_user` [ RunTime:0.001367s ]
[2024-05-23T16:18:05+08:00][sql] SELECT * FROM `dfer_user` WHERE  `user_login` = 'admin' LIMIT 1 [ RunTime:0.000652s ]
[2024-05-23T16:18:05+08:00][sql] SHOW FULL COLUMNS FROM `dfer_role_user` [ RunTime:0.000970s ]
[2024-05-23T16:18:05+08:00][sql] SELECT `role_id` FROM `dfer_role_user` `a` INNER JOIN `dfer_role` `b` ON `a`.`role_id`=`b`.`id` WHERE  `user_id` = 1  AND `status` = '1' LIMIT 1 [ RunTime:0.000769s ]
[2024-05-23T16:18:05+08:00][sql] SHOW FULL COLUMNS FROM `dfer_user_token` [ RunTime:0.000686s ]
[2024-05-23T16:18:05+08:00][sql] SELECT * FROM `dfer_user_token` WHERE  `user_id` = 1  AND `device_type` = 'web' LIMIT 1 [ RunTime:0.000464s ]
[2024-05-23T16:18:05+08:00][sql] UPDATE `dfer_user`  SET `last_login_ip` = '172.17.0.1' , `last_login_time` = 1716452285  WHERE  `id` = 1 [ RunTime:0.006017s ]
[2024-05-23T16:18:07+08:00][sql] CONNECT:[ UseTime:0.000442s ] mysql:host=127.0.0.1;port=3306;dbname=thinkcmf;charset=utf8mb4
[2024-05-23T16:18:07+08:00][sql] SHOW FULL COLUMNS FROM `dfer_plugin` [ RunTime:0.000663s ]
[2024-05-23T16:18:07+08:00][sql] SELECT * FROM `dfer_plugin` WHERE  `status` = 1 [ RunTime:0.000358s ]
[2024-05-23T16:18:07+08:00][sql] SHOW FULL COLUMNS FROM `dfer_user` [ RunTime:0.000675s ]
[2024-05-23T16:18:07+08:00][sql] SELECT * FROM `dfer_user` WHERE  `id` = 1 LIMIT 1 [ RunTime:0.000416s ]
[2024-05-23T16:18:07+08:00][sql] SHOW FULL COLUMNS FROM `dfer_admin_menu` [ RunTime:0.000700s ]
[2024-05-23T16:18:07+08:00][sql] SELECT * FROM `dfer_admin_menu` ORDER BY `app` ASC,`controller` ASC,`action` ASC [ RunTime:0.000677s ]
[2024-05-23T16:18:07+08:00][sql] CONNECT:[ UseTime:0.000557s ] mysql:host=127.0.0.1;port=3306;dbname=thinkcmf;charset=utf8mb4
[2024-05-23T16:18:07+08:00][sql] SHOW FULL COLUMNS FROM `dfer_plugin` [ RunTime:0.000686s ]
[2024-05-23T16:18:07+08:00][sql] SELECT * FROM `dfer_plugin` WHERE  `status` = 1 [ RunTime:0.000407s ]
[2024-05-23T16:18:07+08:00][sql] SHOW FULL COLUMNS FROM `dfer_user` [ RunTime:0.000810s ]
[2024-05-23T16:18:07+08:00][sql] SELECT * FROM `dfer_user` WHERE  `id` = 1 LIMIT 1 [ RunTime:0.000479s ]
[2024-05-23T16:18:07+08:00][sql] SHOW FULL COLUMNS FROM `dfer_option` [ RunTime:0.000673s ]
[2024-05-23T16:18:07+08:00][sql] SELECT `option_value` FROM `dfer_option` WHERE  `option_name` = 'admin_dashboard_widgets' LIMIT 1 [ RunTime:0.000344s ]
[2024-05-23T16:18:07+08:00][sql] SELECT `option_value` FROM `dfer_option` WHERE  `option_name` = 'smtp_setting' LIMIT 1 [ RunTime:0.000324s ]
[2024-05-23T16:18:09+08:00][sql] CONNECT:[ UseTime:0.000597s ] mysql:host=127.0.0.1;port=3306;dbname=thinkcmf;charset=utf8mb4
[2024-05-23T16:18:09+08:00][sql] SHOW FULL COLUMNS FROM `dfer_plugin` [ RunTime:0.000749s ]
[2024-05-23T16:18:09+08:00][sql] SELECT * FROM `dfer_plugin` WHERE  `status` = 1 [ RunTime:0.000484s ]
[2024-05-23T16:18:09+08:00][sql] SHOW FULL COLUMNS FROM `dfer_user` [ RunTime:0.000750s ]
[2024-05-23T16:18:09+08:00][sql] SELECT * FROM `dfer_user` WHERE  `id` = 1 LIMIT 1 [ RunTime:0.000426s ]
[2024-05-23T16:19:00+08:00][sql] CONNECT:[ UseTime:0.000447s ] mysql:host=127.0.0.1;port=3306;dbname=thinkcmf;charset=utf8mb4
[2024-05-23T16:19:00+08:00][sql] SHOW FULL COLUMNS FROM `dfer_plugin` [ RunTime:0.000744s ]
[2024-05-23T16:19:00+08:00][sql] SELECT * FROM `dfer_plugin` WHERE  `status` = 1 [ RunTime:0.000416s ]
[2024-05-23T16:19:00+08:00][sql] SHOW FULL COLUMNS FROM `dfer_user` [ RunTime:0.000752s ]
[2024-05-23T16:19:00+08:00][sql] SELECT * FROM `dfer_user` WHERE  `id` = 1 LIMIT 1 [ RunTime:0.000428s ]
[2024-05-23T16:19:00+08:00][sql] SHOW FULL COLUMNS FROM `dfer_admin_menu` [ RunTime:0.000754s ]
[2024-05-23T16:19:00+08:00][sql] SELECT * FROM `dfer_admin_menu` ORDER BY `app` ASC,`controller` ASC,`action` ASC [ RunTime:0.000644s ]
[2024-05-23T16:19:01+08:00][sql] CONNECT:[ UseTime:0.000360s ] mysql:host=127.0.0.1;port=3306;dbname=thinkcmf;charset=utf8mb4
[2024-05-23T16:19:01+08:00][sql] SHOW FULL COLUMNS FROM `dfer_plugin` [ RunTime:0.000776s ]
[2024-05-23T16:19:01+08:00][sql] SELECT * FROM `dfer_plugin` WHERE  `status` = 1 [ RunTime:0.000429s ]
[2024-05-23T16:19:01+08:00][sql] SHOW FULL COLUMNS FROM `dfer_user` [ RunTime:0.000727s ]
[2024-05-23T16:19:01+08:00][sql] SELECT * FROM `dfer_user` WHERE  `id` = 1 LIMIT 1 [ RunTime:0.000495s ]
[2024-05-23T16:19:01+08:00][sql] SHOW FULL COLUMNS FROM `dfer_option` [ RunTime:0.001297s ]
[2024-05-23T16:19:01+08:00][sql] SELECT `option_value` FROM `dfer_option` WHERE  `option_name` = 'admin_dashboard_widgets' LIMIT 1 [ RunTime:0.000480s ]
[2024-05-23T16:19:01+08:00][sql] SELECT `option_value` FROM `dfer_option` WHERE  `option_name` = 'smtp_setting' LIMIT 1 [ RunTime:0.000416s ]
[2024-05-23T16:19:01+08:00][sql] CONNECT:[ UseTime:0.000472s ] mysql:host=127.0.0.1;port=3306;dbname=thinkcmf;charset=utf8mb4
[2024-05-23T16:19:01+08:00][sql] SHOW FULL COLUMNS FROM `dfer_plugin` [ RunTime:0.001637s ]
[2024-05-23T16:19:01+08:00][sql] SELECT * FROM `dfer_plugin` WHERE  `status` = 1 [ RunTime:0.000416s ]
[2024-05-23T16:19:01+08:00][sql] SHOW FULL COLUMNS FROM `dfer_user` [ RunTime:0.000830s ]
[2024-05-23T16:19:01+08:00][sql] SELECT * FROM `dfer_user` WHERE  `id` = 1 LIMIT 1 [ RunTime:0.003619s ]
[2024-05-23T16:19:01+08:00][sql] SELECT * FROM `dfer_plugin` [ RunTime:0.000585s ]
[2024-05-23T16:21:48+08:00][sql] CONNECT:[ UseTime:0.000474s ] mysql:host=127.0.0.1;port=3306;dbname=thinkcmf;charset=utf8mb4
[2024-05-23T16:21:48+08:00][sql] SHOW FULL COLUMNS FROM `dfer_plugin` [ RunTime:0.000691s ]
[2024-05-23T16:21:48+08:00][sql] SELECT * FROM `dfer_plugin` WHERE  `status` = 1 [ RunTime:0.000419s ]
[2024-05-23T16:21:48+08:00][sql] SHOW FULL COLUMNS FROM `dfer_user` [ RunTime:0.000712s ]
[2024-05-23T16:21:48+08:00][sql] SELECT * FROM `dfer_user` WHERE  `id` = 1 LIMIT 1 [ RunTime:0.000545s ]
[2024-05-23T16:21:48+08:00][sql] SHOW FULL COLUMNS FROM `dfer_admin_menu` [ RunTime:0.000789s ]
[2024-05-23T16:21:48+08:00][sql] SELECT * FROM `dfer_admin_menu` ORDER BY `app` ASC,`controller` ASC,`action` ASC [ RunTime:0.000666s ]
[2024-05-23T16:21:49+08:00][sql] CONNECT:[ UseTime:0.000523s ] mysql:host=127.0.0.1;port=3306;dbname=thinkcmf;charset=utf8mb4
[2024-05-23T16:21:49+08:00][sql] SHOW FULL COLUMNS FROM `dfer_plugin` [ RunTime:0.000687s ]
[2024-05-23T16:21:49+08:00][sql] SELECT * FROM `dfer_plugin` WHERE  `status` = 1 [ RunTime:0.000558s ]
[2024-05-23T16:21:49+08:00][sql] SHOW FULL COLUMNS FROM `dfer_user` [ RunTime:0.000819s ]
[2024-05-23T16:21:49+08:00][sql] SELECT * FROM `dfer_user` WHERE  `id` = 1 LIMIT 1 [ RunTime:0.000442s ]
[2024-05-23T16:21:49+08:00][sql] SHOW FULL COLUMNS FROM `dfer_option` [ RunTime:0.000730s ]
[2024-05-23T16:21:49+08:00][sql] SELECT `option_value` FROM `dfer_option` WHERE  `option_name` = 'admin_dashboard_widgets' LIMIT 1 [ RunTime:0.000360s ]
[2024-05-23T16:21:49+08:00][sql] SELECT `option_value` FROM `dfer_option` WHERE  `option_name` = 'smtp_setting' LIMIT 1 [ RunTime:0.000462s ]
[2024-05-23T16:21:49+08:00][sql] CONNECT:[ UseTime:0.000479s ] mysql:host=127.0.0.1;port=3306;dbname=thinkcmf;charset=utf8mb4
[2024-05-23T16:21:49+08:00][sql] SHOW FULL COLUMNS FROM `dfer_plugin` [ RunTime:0.000599s ]
[2024-05-23T16:21:49+08:00][sql] SELECT * FROM `dfer_plugin` WHERE  `status` = 1 [ RunTime:0.000498s ]
[2024-05-23T16:21:49+08:00][sql] SHOW FULL COLUMNS FROM `dfer_user` [ RunTime:0.000783s ]
[2024-05-23T16:21:49+08:00][sql] SELECT * FROM `dfer_user` WHERE  `id` = 1 LIMIT 1 [ RunTime:0.000493s ]
[2024-05-23T16:21:49+08:00][sql] SELECT * FROM `dfer_plugin` [ RunTime:0.000498s ]
[2024-05-23T16:22:15+08:00][sql] CONNECT:[ UseTime:0.000441s ] mysql:host=127.0.0.1;port=3306;dbname=thinkcmf;charset=utf8mb4
[2024-05-23T16:22:15+08:00][sql] SHOW FULL COLUMNS FROM `dfer_plugin` [ RunTime:0.000656s ]
[2024-05-23T16:22:15+08:00][sql] SELECT * FROM `dfer_plugin` WHERE  `status` = 1 [ RunTime:0.000447s ]
[2024-05-23T16:22:15+08:00][sql] SHOW FULL COLUMNS FROM `dfer_user` [ RunTime:0.000714s ]
[2024-05-23T16:22:15+08:00][sql] SELECT * FROM `dfer_user` WHERE  `id` = 1 LIMIT 1 [ RunTime:0.000426s ]
[2024-05-23T16:22:15+08:00][sql] SHOW FULL COLUMNS FROM `dfer_admin_menu` [ RunTime:0.000728s ]
[2024-05-23T16:22:15+08:00][sql] SELECT * FROM `dfer_admin_menu` ORDER BY `app` ASC,`controller` ASC,`action` ASC [ RunTime:0.000642s ]
[2024-05-23T16:22:16+08:00][sql] CONNECT:[ UseTime:0.000510s ] mysql:host=127.0.0.1;port=3306;dbname=thinkcmf;charset=utf8mb4
[2024-05-23T16:22:16+08:00][sql] SHOW FULL COLUMNS FROM `dfer_plugin` [ RunTime:0.000701s ]
[2024-05-23T16:22:16+08:00][sql] SELECT * FROM `dfer_plugin` WHERE  `status` = 1 [ RunTime:0.000474s ]
[2024-05-23T16:22:16+08:00][sql] SHOW FULL COLUMNS FROM `dfer_user` [ RunTime:0.000658s ]
[2024-05-23T16:22:16+08:00][sql] SELECT * FROM `dfer_user` WHERE  `id` = 1 LIMIT 1 [ RunTime:0.000484s ]
[2024-05-23T16:22:16+08:00][sql] SHOW FULL COLUMNS FROM `dfer_option` [ RunTime:0.000823s ]
[2024-05-23T16:22:16+08:00][sql] SELECT `option_value` FROM `dfer_option` WHERE  `option_name` = 'admin_dashboard_widgets' LIMIT 1 [ RunTime:0.001736s ]
[2024-05-23T16:22:16+08:00][sql] SELECT `option_value` FROM `dfer_option` WHERE  `option_name` = 'smtp_setting' LIMIT 1 [ RunTime:0.000460s ]
[2024-05-23T16:22:16+08:00][sql] CONNECT:[ UseTime:0.000485s ] mysql:host=127.0.0.1;port=3306;dbname=thinkcmf;charset=utf8mb4
[2024-05-23T16:22:16+08:00][sql] SHOW FULL COLUMNS FROM `dfer_plugin` [ RunTime:0.000742s ]
[2024-05-23T16:22:16+08:00][sql] SELECT * FROM `dfer_plugin` WHERE  `status` = 1 [ RunTime:0.000662s ]
[2024-05-23T16:22:16+08:00][sql] SHOW FULL COLUMNS FROM `dfer_user` [ RunTime:0.001026s ]
[2024-05-23T16:22:16+08:00][sql] SELECT * FROM `dfer_user` WHERE  `id` = 1 LIMIT 1 [ RunTime:0.000510s ]
[2024-05-23T16:22:16+08:00][sql] SELECT * FROM `dfer_plugin` [ RunTime:0.000557s ]
[2024-05-23T16:22:16+08:00][error] [0]Class "cmf\lib\Plugin" not found[/www/wwwroot/dfphp.dfer.site/tp_public/plugins/dfer_thinkcmf_tools/DferThinkcmfToolsPlugin.php:42]
[2024-05-23T16:23:46+08:00][sql] CONNECT:[ UseTime:0.000514s ] mysql:host=127.0.0.1;port=3306;dbname=thinkcmf;charset=utf8mb4
[2024-05-23T16:23:46+08:00][sql] SHOW FULL COLUMNS FROM `dfer_plugin` [ RunTime:0.000698s ]
[2024-05-23T16:23:46+08:00][sql] SELECT * FROM `dfer_plugin` WHERE  `status` = 1 [ RunTime:0.000421s ]
[2024-05-23T16:23:46+08:00][sql] SHOW FULL COLUMNS FROM `dfer_user` [ RunTime:0.000840s ]
[2024-05-23T16:23:46+08:00][sql] SELECT * FROM `dfer_user` WHERE  `id` = 1 LIMIT 1 [ RunTime:0.001013s ]
[2024-05-23T16:23:46+08:00][sql] SHOW FULL COLUMNS FROM `dfer_admin_menu` [ RunTime:0.000745s ]
[2024-05-23T16:23:46+08:00][sql] SELECT * FROM `dfer_admin_menu` ORDER BY `app` ASC,`controller` ASC,`action` ASC [ RunTime:0.000765s ]
[2024-05-23T16:23:47+08:00][sql] CONNECT:[ UseTime:0.000590s ] mysql:host=127.0.0.1;port=3306;dbname=thinkcmf;charset=utf8mb4
[2024-05-23T16:23:47+08:00][sql] SHOW FULL COLUMNS FROM `dfer_plugin` [ RunTime:0.001330s ]
[2024-05-23T16:23:47+08:00][sql] SELECT * FROM `dfer_plugin` WHERE  `status` = 1 [ RunTime:0.000462s ]
[2024-05-23T16:23:47+08:00][sql] SHOW FULL COLUMNS FROM `dfer_user` [ RunTime:0.000774s ]
[2024-05-23T16:23:47+08:00][sql] SELECT * FROM `dfer_user` WHERE  `id` = 1 LIMIT 1 [ RunTime:0.000639s ]
[2024-05-23T16:23:47+08:00][sql] SHOW FULL COLUMNS FROM `dfer_option` [ RunTime:0.000664s ]
[2024-05-23T16:23:47+08:00][sql] SELECT `option_value` FROM `dfer_option` WHERE  `option_name` = 'admin_dashboard_widgets' LIMIT 1 [ RunTime:0.000375s ]
[2024-05-23T16:23:47+08:00][sql] SELECT `option_value` FROM `dfer_option` WHERE  `option_name` = 'smtp_setting' LIMIT 1 [ RunTime:0.000498s ]
[2024-05-23T16:23:47+08:00][sql] CONNECT:[ UseTime:0.000509s ] mysql:host=127.0.0.1;port=3306;dbname=thinkcmf;charset=utf8mb4
[2024-05-23T16:23:47+08:00][sql] SHOW FULL COLUMNS FROM `dfer_plugin` [ RunTime:0.000722s ]
[2024-05-23T16:23:47+08:00][sql] SELECT * FROM `dfer_plugin` WHERE  `status` = 1 [ RunTime:0.000441s ]
[2024-05-23T16:23:47+08:00][sql] SHOW FULL COLUMNS FROM `dfer_user` [ RunTime:0.001163s ]
[2024-05-23T16:23:47+08:00][sql] SELECT * FROM `dfer_user` WHERE  `id` = 1 LIMIT 1 [ RunTime:0.000578s ]
[2024-05-23T16:23:47+08:00][sql] SELECT * FROM `dfer_plugin` [ RunTime:0.000537s ]
[2024-05-23T16:34:17+08:00][sql] CONNECT:[ UseTime:0.003345s ] mysql:host=127.0.0.1;port=3306;dbname=thinkcmf;charset=utf8mb4
[2024-05-23T16:34:17+08:00][sql] SHOW FULL COLUMNS FROM `dfer_plugin` [ RunTime:0.002400s ]
[2024-05-23T16:34:17+08:00][sql] SELECT * FROM `dfer_plugin` WHERE  `status` = 1 [ RunTime:0.001933s ]
[2024-05-23T16:34:17+08:00][sql] CONNECT:[ UseTime:0.002381s ] mysql:host=127.0.0.1;port=3306;dbname=thinkcmf;charset=utf8mb4
[2024-05-23T16:34:17+08:00][sql] SHOW FULL COLUMNS FROM `dfer_plugin` [ RunTime:0.002100s ]
[2024-05-23T16:34:17+08:00][sql] SELECT * FROM `dfer_plugin` WHERE  `status` = 1 [ RunTime:0.001575s ]
[2024-05-23T16:34:21+08:00][sql] CONNECT:[ UseTime:0.010774s ] mysql:host=127.0.0.1;port=3306;dbname=thinkcmf;charset=utf8mb4
[2024-05-23T16:34:21+08:00][sql] SHOW FULL COLUMNS FROM `dfer_plugin` [ RunTime:0.002887s ]
[2024-05-23T16:34:21+08:00][sql] SELECT * FROM `dfer_plugin` WHERE  `status` = 1 [ RunTime:0.002248s ]
[2024-05-23T16:34:21+08:00][sql] SHOW FULL COLUMNS FROM `dfer_user` [ RunTime:0.003467s ]
[2024-05-23T16:34:21+08:00][sql] SELECT * FROM `dfer_user` WHERE  `user_login` = 'admin' LIMIT 1 [ RunTime:0.003057s ]
[2024-05-23T16:34:27+08:00][sql] CONNECT:[ UseTime:0.002301s ] mysql:host=127.0.0.1;port=3306;dbname=thinkcmf;charset=utf8mb4
[2024-05-23T16:34:27+08:00][sql] SHOW FULL COLUMNS FROM `dfer_plugin` [ RunTime:0.003160s ]
[2024-05-23T16:34:27+08:00][sql] SELECT * FROM `dfer_plugin` WHERE  `status` = 1 [ RunTime:0.002226s ]
[2024-05-23T16:34:27+08:00][sql] SHOW FULL COLUMNS FROM `dfer_user` [ RunTime:0.003739s ]
[2024-05-23T16:34:27+08:00][sql] SELECT * FROM `dfer_user` WHERE  `user_login` = 'admin' LIMIT 1 [ RunTime:0.002679s ]
[2024-05-23T16:34:27+08:00][sql] SHOW FULL COLUMNS FROM `dfer_role_user` [ RunTime:0.002221s ]
[2024-05-23T16:34:27+08:00][sql] SELECT `role_id` FROM `dfer_role_user` `a` INNER JOIN `dfer_role` `b` ON `a`.`role_id`=`b`.`id` WHERE  `user_id` = 1  AND `status` = '1' LIMIT 1 [ RunTime:0.002145s ]
[2024-05-23T16:34:27+08:00][sql] SHOW FULL COLUMNS FROM `dfer_user_token` [ RunTime:0.002430s ]
[2024-05-23T16:34:27+08:00][sql] SELECT * FROM `dfer_user_token` WHERE  `user_id` = 1  AND `device_type` = 'web' LIMIT 1 [ RunTime:0.001902s ]
[2024-05-23T16:34:27+08:00][sql] UPDATE `dfer_user`  SET `last_login_ip` = '127.0.0.1' , `last_login_time` = 1716453267  WHERE  `id` = 1 [ RunTime:0.007298s ]
[2024-05-23T16:34:29+08:00][sql] CONNECT:[ UseTime:0.011330s ] mysql:host=127.0.0.1;port=3306;dbname=thinkcmf;charset=utf8mb4
[2024-05-23T16:34:29+08:00][sql] SHOW FULL COLUMNS FROM `dfer_plugin` [ RunTime:0.002900s ]
[2024-05-23T16:34:29+08:00][sql] SELECT * FROM `dfer_plugin` WHERE  `status` = 1 [ RunTime:0.001984s ]
[2024-05-23T16:34:29+08:00][sql] SHOW FULL COLUMNS FROM `dfer_user` [ RunTime:0.002543s ]
[2024-05-23T16:34:29+08:00][sql] SELECT * FROM `dfer_user` WHERE  `id` = 1 LIMIT 1 [ RunTime:0.002123s ]
[2024-05-23T16:34:29+08:00][sql] SHOW FULL COLUMNS FROM `dfer_admin_menu` [ RunTime:0.003390s ]
[2024-05-23T16:34:29+08:00][sql] SELECT * FROM `dfer_admin_menu` ORDER BY `app` ASC,`controller` ASC,`action` ASC [ RunTime:0.002652s ]
[2024-05-23T16:34:29+08:00][sql] CONNECT:[ UseTime:0.002710s ] mysql:host=127.0.0.1;port=3306;dbname=thinkcmf;charset=utf8mb4
[2024-05-23T16:34:29+08:00][sql] SHOW FULL COLUMNS FROM `dfer_plugin` [ RunTime:0.002405s ]
[2024-05-23T16:34:29+08:00][sql] SELECT * FROM `dfer_plugin` WHERE  `status` = 1 [ RunTime:0.001795s ]
[2024-05-23T16:34:29+08:00][sql] SHOW FULL COLUMNS FROM `dfer_user` [ RunTime:0.002319s ]
[2024-05-23T16:34:29+08:00][sql] SELECT * FROM `dfer_user` WHERE  `id` = 1 LIMIT 1 [ RunTime:0.002138s ]
[2024-05-23T16:34:29+08:00][sql] SHOW FULL COLUMNS FROM `dfer_option` [ RunTime:0.002222s ]
[2024-05-23T16:34:29+08:00][sql] SELECT `option_value` FROM `dfer_option` WHERE  `option_name` = 'admin_dashboard_widgets' LIMIT 1 [ RunTime:0.001856s ]
[2024-05-23T16:34:29+08:00][sql] SELECT `option_value` FROM `dfer_option` WHERE  `option_name` = 'smtp_setting' LIMIT 1 [ RunTime:0.001733s ]
[2024-05-23T16:34:31+08:00][sql] CONNECT:[ UseTime:0.003132s ] mysql:host=127.0.0.1;port=3306;dbname=thinkcmf;charset=utf8mb4
[2024-05-23T16:34:31+08:00][sql] SHOW FULL COLUMNS FROM `dfer_plugin` [ RunTime:0.002797s ]
[2024-05-23T16:34:31+08:00][sql] SELECT * FROM `dfer_plugin` WHERE  `status` = 1 [ RunTime:0.002160s ]
[2024-05-23T16:34:31+08:00][sql] SHOW FULL COLUMNS FROM `dfer_user` [ RunTime:0.002766s ]
[2024-05-23T16:34:31+08:00][sql] SELECT * FROM `dfer_user` WHERE  `id` = 1 LIMIT 1 [ RunTime:0.003000s ]
[2024-05-23T16:34:35+08:00][sql] CONNECT:[ UseTime:0.011443s ] mysql:host=127.0.0.1;port=3306;dbname=thinkcmf;charset=utf8mb4
[2024-05-23T16:34:35+08:00][sql] SHOW FULL COLUMNS FROM `dfer_plugin` [ RunTime:0.002476s ]
[2024-05-23T16:34:35+08:00][sql] SELECT * FROM `dfer_plugin` WHERE  `status` = 1 [ RunTime:0.002059s ]
[2024-05-23T16:34:35+08:00][sql] SHOW FULL COLUMNS FROM `dfer_user` [ RunTime:0.002596s ]
[2024-05-23T16:34:35+08:00][sql] SELECT * FROM `dfer_user` WHERE  `id` = 1 LIMIT 1 [ RunTime:0.002112s ]
[2024-05-23T16:34:43+08:00][sql] CONNECT:[ UseTime:0.004370s ] mysql:host=127.0.0.1;port=3306;dbname=thinkcmf;charset=utf8mb4
[2024-05-23T16:34:43+08:00][sql] SHOW FULL COLUMNS FROM `dfer_plugin` [ RunTime:0.002833s ]
[2024-05-23T16:34:43+08:00][sql] SELECT * FROM `dfer_plugin` WHERE  `status` = 1 [ RunTime:0.002355s ]
[2024-05-23T16:34:43+08:00][sql] SHOW FULL COLUMNS FROM `dfer_user` [ RunTime:0.003219s ]
[2024-05-23T16:34:43+08:00][sql] SELECT * FROM `dfer_user` WHERE  `id` = 1 LIMIT 1 [ RunTime:0.002242s ]
[2024-05-23T16:37:16+08:00][sql] CONNECT:[ UseTime:0.000413s ] mysql:host=127.0.0.1;port=3306;dbname=thinkcmf;charset=utf8mb4
[2024-05-23T16:37:16+08:00][sql] SHOW FULL COLUMNS FROM `dfer_plugin` [ RunTime:0.000704s ]
[2024-05-23T16:37:16+08:00][sql] SELECT * FROM `dfer_plugin` WHERE  `status` = 1 [ RunTime:0.000384s ]
[2024-05-23T16:37:16+08:00][sql] SHOW FULL COLUMNS FROM `dfer_user` [ RunTime:0.000680s ]
[2024-05-23T16:37:16+08:00][sql] SELECT * FROM `dfer_user` WHERE  `id` = 1 LIMIT 1 [ RunTime:0.000402s ]
[2024-05-23T16:37:16+08:00][sql] SELECT * FROM `dfer_plugin` [ RunTime:0.000427s ]
[2024-05-23T16:37:20+08:00][sql] CONNECT:[ UseTime:0.000505s ] mysql:host=127.0.0.1;port=3306;dbname=thinkcmf;charset=utf8mb4
[2024-05-23T16:37:20+08:00][sql] SHOW FULL COLUMNS FROM `dfer_plugin` [ RunTime:0.000606s ]
[2024-05-23T16:37:20+08:00][sql] SELECT * FROM `dfer_plugin` WHERE  `status` = 1 [ RunTime:0.000462s ]
[2024-05-23T16:37:20+08:00][sql] SHOW FULL COLUMNS FROM `dfer_user` [ RunTime:0.000753s ]
[2024-05-23T16:37:20+08:00][sql] SELECT * FROM `dfer_user` WHERE  `id` = 1 LIMIT 1 [ RunTime:0.000477s ]
[2024-05-23T16:37:20+08:00][sql] SHOW FULL COLUMNS FROM `dfer_admin_menu` [ RunTime:0.000632s ]
[2024-05-23T16:37:20+08:00][sql] SELECT * FROM `dfer_admin_menu` ORDER BY `app` ASC,`controller` ASC,`action` ASC [ RunTime:0.000651s ]
[2024-05-23T16:37:21+08:00][sql] CONNECT:[ UseTime:0.000807s ] mysql:host=127.0.0.1;port=3306;dbname=thinkcmf;charset=utf8mb4
[2024-05-23T16:37:21+08:00][sql] SHOW FULL COLUMNS FROM `dfer_plugin` [ RunTime:0.000989s ]
[2024-05-23T16:37:21+08:00][sql] SELECT * FROM `dfer_plugin` WHERE  `status` = 1 [ RunTime:0.000632s ]
[2024-05-23T16:37:21+08:00][sql] SHOW FULL COLUMNS FROM `dfer_user` [ RunTime:0.002438s ]
[2024-05-23T16:37:21+08:00][sql] SELECT * FROM `dfer_user` WHERE  `id` = 1 LIMIT 1 [ RunTime:0.000712s ]
[2024-05-23T16:37:21+08:00][sql] SHOW FULL COLUMNS FROM `dfer_option` [ RunTime:0.000872s ]
[2024-05-23T16:37:21+08:00][sql] SELECT `option_value` FROM `dfer_option` WHERE  `option_name` = 'admin_dashboard_widgets' LIMIT 1 [ RunTime:0.000410s ]
[2024-05-23T16:37:21+08:00][sql] SELECT `option_value` FROM `dfer_option` WHERE  `option_name` = 'smtp_setting' LIMIT 1 [ RunTime:0.000359s ]
[2024-05-23T16:37:21+08:00][sql] CONNECT:[ UseTime:0.000611s ] mysql:host=127.0.0.1;port=3306;dbname=thinkcmf;charset=utf8mb4
[2024-05-23T16:37:21+08:00][sql] SHOW FULL COLUMNS FROM `dfer_plugin` [ RunTime:0.001104s ]
[2024-05-23T16:37:21+08:00][sql] SELECT * FROM `dfer_plugin` WHERE  `status` = 1 [ RunTime:0.000518s ]
[2024-05-23T16:37:21+08:00][sql] SHOW FULL COLUMNS FROM `dfer_user` [ RunTime:0.002970s ]
[2024-05-23T16:37:21+08:00][sql] SELECT * FROM `dfer_user` WHERE  `id` = 1 LIMIT 1 [ RunTime:0.001695s ]
[2024-05-23T16:37:21+08:00][sql] SELECT * FROM `dfer_plugin` [ RunTime:0.002910s ]
